<?xml version="1.0" encoding="UTF-8"?>
<testsuite xmlns:xsi="http://www.w3.org/2001/XMLSchema-instance" xsi:noNamespaceSchemaLocation="https://maven.apache.org/surefire/maven-surefire-plugin/xsd/surefire-test-report.xsd" name="com.assignment.my_assignment.AppTest" time="0.021" tests="4" errors="0" skipped="0" failures="0">
  <properties>
[...]
</properties>
  <testcase name="shouldAnswerWithTrue" classname="com.assignment.my_assignment.AppTest" time="0.002"/>
  <testcase name="testSub" classname="com.assignment.my_assignment.AppTest" time="0"/>
  <testcase name="testSum" classname="com.assignment.my_assignment.AppTest" time="0"/>
  <testcase name="testMultiply" classname="com.assignment.my_assignment.AppTest" time="0"/>
</testsuite>